<?xml version="1.0" encoding="UTF-8"?>
<testsuite xmlns:xsi="http://www.w3.org/2001/XMLSchema-instance" xsi:noNamespaceSchemaLocation="https://maven.apache.org/surefire/maven-surefire-plugin/xsd/surefire-test-report-3.0.xsd" version="3.0" name="com.refactoring.extractsuperclass.ExtractSuperclassRefactorerTest" time="1.428" tests="6" errors="0" skipped="0" failures="0">
  <properties>
[...]
</properties>
  <testcase name="sharedSuperclass_createsIntermediateSuperclass(Path)" classname="com.refactoring.extractsuperclass.ExtractSuperclassRefactorerTest" time="0.996">
    <system-out><![CDATA[19:45:03.552 [main] INFO com.refactoring.extractsuperclass.ExtractSuperclassRefactorer - Available classes: [com.example.Alpha, com.example.Beta, com.example.ExistingBase]
19:45:03.556 [main] INFO com.refactoring.extractsuperclass.ExtractSuperclassRefactorer - Preferred package: com.example
19:45:03.556 [main] INFO com.refactoring.extractsuperclass.ExtractSuperclassRefactorer - Resolving class name: com.example.Alpha
19:45:03.556 [main] INFO com.refactoring.extractsuperclass.ExtractSuperclassRefactorer - Added FQN: com.example.Alpha
19:45:03.556 [main] INFO com.refactoring.extractsuperclass.ExtractSuperclassRefactorer - Resolving class name: com.example.Beta
19:45:03.556 [main] INFO com.refactoring.extractsuperclass.ExtractSuperclassRefactorer - Added FQN: com.example.Beta
19:45:03.557 [main] DEBUG com.refactoring.extractsuperclass.ExtractSuperclassRefactorer - Inferred package com.example for directory C:\Users\wudi\AppData\Local\Temp\junit1194400412161423597\src\com\example
19:45:03.558 [main] DEBUG com.refactoring.extractsuperclass.ExtractSuperclassRefactorer - Planned superclass placement: name=com.example.AbstractBase, path=C:\Users\wudi\AppData\Local\Temp\junit1194400412161423597\src\com\example\AbstractBase.java
19:45:03.562 [main] INFO com.refactoring.extractsuperclass.ExtractSuperclassRefactorer - Created superclass file at explicit path: C:\Users\wudi\AppData\Local\Temp\junit1194400412161423597\src\com\example\AbstractBase.java
19:45:03.579 [main] DEBUG com.refactoring.extractsuperclass.ExtractSuperclassRefactorer - Import organization skipped for C:\Users\wudi\AppData\Local\Temp\junit1194400412161423597\src\com\example\Alpha.java: AST must have been constructed from a Java element
19:45:03.594 [main] DEBUG com.refactoring.extractsuperclass.ExtractSuperclassRefactorer - Import organization skipped for C:\Users\wudi\AppData\Local\Temp\junit1194400412161423597\src\com\example\Beta.java: AST must have been constructed from a Java element
19:45:03.595 [main] DEBUG com.refactoring.extractsuperclass.ExtractSuperclassRefactorer - No module root resolved for superclass file C:\Users\wudi\AppData\Local\Temp\junit1194400412161423597\src\com\example\AbstractBase.java
]]></system-out>
  </testcase>
  <testcase name="externalSuperclass_requiresImportForNewSubclass(Path)" classname="com.refactoring.extractsuperclass.ExtractSuperclassRefactorerTest" time="0.131">
    <system-out><![CDATA[19:45:03.711 [main] INFO com.refactoring.extractsuperclass.ExtractSuperclassRefactorer - Available classes: [com.example.gui.DrawingEditor, com.example.gui.DefaultDrawingView]
19:45:03.712 [main] INFO com.refactoring.extractsuperclass.ExtractSuperclassRefactorer - Preferred package: com.example.gui
19:45:03.712 [main] INFO com.refactoring.extractsuperclass.ExtractSuperclassRefactorer - Resolving class name: com.example.gui.DefaultDrawingView
19:45:03.712 [main] INFO com.refactoring.extractsuperclass.ExtractSuperclassRefactorer - Added FQN: com.example.gui.DefaultDrawingView
19:45:03.712 [main] INFO com.refactoring.extractsuperclass.ExtractSuperclassRefactorer - Resolving class name: com.example.gui.DrawingEditor
19:45:03.712 [main] INFO com.refactoring.extractsuperclass.ExtractSuperclassRefactorer - Added FQN: com.example.gui.DrawingEditor
]]></system-out>
  </testcase>
  <testcase name="placesSuperclassAtExplicitAbsolutePath(Path)" classname="com.refactoring.extractsuperclass.ExtractSuperclassRefactorerTest" time="0.091">
    <system-out><![CDATA[19:45:03.785 [main] INFO com.refactoring.extractsuperclass.ExtractSuperclassRefactorer - Available classes: [com.example.service.BetaService, com.example.service.AlphaService]
19:45:03.785 [main] INFO com.refactoring.extractsuperclass.ExtractSuperclassRefactorer - Preferred package: com.example.service
19:45:03.785 [main] INFO com.refactoring.extractsuperclass.ExtractSuperclassRefactorer - Resolving class name: com.example.service.AlphaService
19:45:03.785 [main] INFO com.refactoring.extractsuperclass.ExtractSuperclassRefactorer - Added FQN: com.example.service.AlphaService
19:45:03.786 [main] INFO com.refactoring.extractsuperclass.ExtractSuperclassRefactorer - Resolving class name: com.example.service.BetaService
19:45:03.786 [main] INFO com.refactoring.extractsuperclass.ExtractSuperclassRefactorer - Added FQN: com.example.service.BetaService
19:45:03.786 [main] DEBUG com.refactoring.extractsuperclass.ExtractSuperclassRefactorer - Inferred package com.example.shared.base for directory C:\Users\wudi\AppData\Local\Temp\junit16217680397490591819\src\com\example\shared\base
19:45:03.786 [main] DEBUG com.refactoring.extractsuperclass.ExtractSuperclassRefactorer - Planned superclass placement: name=com.example.shared.base.CentralBase, path=C:\Users\wudi\AppData\Local\Temp\junit16217680397490591819\src\com\example\shared\base\CentralBase.java
19:45:03.787 [main] INFO com.refactoring.extractsuperclass.ExtractSuperclassRefactorer - Created superclass file at explicit path: C:\Users\wudi\AppData\Local\Temp\junit16217680397490591819\src\com\example\shared\base\CentralBase.java
19:45:03.808 [main] DEBUG com.refactoring.extractsuperclass.ExtractSuperclassRefactorer - Import organization skipped for C:\Users\wudi\AppData\Local\Temp\junit16217680397490591819\src\com\example\service\AlphaService.java: AST must have been constructed from a Java element
19:45:03.828 [main] DEBUG com.refactoring.extractsuperclass.ExtractSuperclassRefactorer - Import organization skipped for C:\Users\wudi\AppData\Local\Temp\junit16217680397490591819\src\com\example\service\BetaService.java: AST must have been constructed from a Java element
19:45:03.829 [main] DEBUG com.refactoring.extractsuperclass.ExtractSuperclassRefactorer - No module root resolved for superclass file C:\Users\wudi\AppData\Local\Temp\junit16217680397490591819\src\com\example\shared\base\CentralBase.java
]]></system-out>
  </testcase>
  <testcase name="bothHaveSuperclass_thenDoNothing(Path)" classname="com.refactoring.extractsuperclass.ExtractSuperclassRefactorerTest" time="0.044">
    <system-out><![CDATA[19:45:03.874 [main] INFO com.refactoring.extractsuperclass.ExtractSuperclassRefactorer - Available classes: [com.example.P1, com.example.P2, com.example.B, com.example.A]
19:45:03.875 [main] INFO com.refactoring.extractsuperclass.ExtractSuperclassRefactorer - Preferred package: com.example
19:45:03.875 [main] INFO com.refactoring.extractsuperclass.ExtractSuperclassRefactorer - Resolving class name: com.example.A
19:45:03.875 [main] INFO com.refactoring.extractsuperclass.ExtractSuperclassRefactorer - Added FQN: com.example.A
19:45:03.875 [main] INFO com.refactoring.extractsuperclass.ExtractSuperclassRefactorer - Resolving class name: com.example.B
19:45:03.875 [main] INFO com.refactoring.extractsuperclass.ExtractSuperclassRefactorer - Added FQN: com.example.B
]]></system-out>
  </testcase>
  <testcase name="oneHasSuperclass_thenOtherExtendsIt(Path)" classname="com.refactoring.extractsuperclass.ExtractSuperclassRefactorerTest" time="0.059">
    <system-out><![CDATA[19:45:03.922 [main] INFO com.refactoring.extractsuperclass.ExtractSuperclassRefactorer - Available classes: [com.example.B, com.example.A, com.example.Base]
19:45:03.922 [main] INFO com.refactoring.extractsuperclass.ExtractSuperclassRefactorer - Preferred package: com.example
19:45:03.922 [main] INFO com.refactoring.extractsuperclass.ExtractSuperclassRefactorer - Resolving class name: com.example.A
19:45:03.923 [main] INFO com.refactoring.extractsuperclass.ExtractSuperclassRefactorer - Added FQN: com.example.A
19:45:03.923 [main] INFO com.refactoring.extractsuperclass.ExtractSuperclassRefactorer - Resolving class name: com.example.B
19:45:03.923 [main] INFO com.refactoring.extractsuperclass.ExtractSuperclassRefactorer - Added FQN: com.example.B
19:45:03.935 [main] DEBUG com.refactoring.extractsuperclass.ExtractSuperclassRefactorer - Import organization skipped for C:\Users\wudi\AppData\Local\Temp\junit499081527083715926\src\com\example\B.java: AST must have been constructed from a Java element
]]></system-out>
  </testcase>
  <testcase name="createsSuperclassAndUpdatesClasses(Path)" classname="com.refactoring.extractsuperclass.ExtractSuperclassRefactorerTest" time="0.065">
    <system-out><![CDATA[19:45:03.966 [main] INFO com.refactoring.extractsuperclass.ExtractSuperclassRefactorer - Available classes: [com.example.ProcessorA, com.example.ProcessorB]
19:45:03.967 [main] INFO com.refactoring.extractsuperclass.ExtractSuperclassRefactorer - Preferred package: com.example
19:45:03.967 [main] INFO com.refactoring.extractsuperclass.ExtractSuperclassRefactorer - Resolving class name: com.example.ProcessorA
19:45:03.967 [main] INFO com.refactoring.extractsuperclass.ExtractSuperclassRefactorer - Added FQN: com.example.ProcessorA
19:45:03.967 [main] INFO com.refactoring.extractsuperclass.ExtractSuperclassRefactorer - Resolving class name: com.example.ProcessorB
19:45:03.967 [main] INFO com.refactoring.extractsuperclass.ExtractSuperclassRefactorer - Added FQN: com.example.ProcessorB
19:45:03.967 [main] DEBUG com.refactoring.extractsuperclass.ExtractSuperclassRefactorer - Inferred package com.example for directory C:\Users\wudi\AppData\Local\Temp\junit4732513846308049979\src\com\example
19:45:03.967 [main] DEBUG com.refactoring.extractsuperclass.ExtractSuperclassRefactorer - Planned superclass placement: name=com.example.AbstractP, path=C:\Users\wudi\AppData\Local\Temp\junit4732513846308049979\src\com\example\AbstractP.java
19:45:03.968 [main] INFO com.refactoring.extractsuperclass.ExtractSuperclassRefactorer - Created superclass file at explicit path: C:\Users\wudi\AppData\Local\Temp\junit4732513846308049979\src\com\example\AbstractP.java
19:45:03.980 [main] DEBUG com.refactoring.extractsuperclass.ExtractSuperclassRefactorer - Import organization skipped for C:\Users\wudi\AppData\Local\Temp\junit4732513846308049979\src\com\example\ProcessorA.java: AST must have been constructed from a Java element
19:45:03.998 [main] DEBUG com.refactoring.extractsuperclass.ExtractSuperclassRefactorer - Import organization skipped for C:\Users\wudi\AppData\Local\Temp\junit4732513846308049979\src\com\example\ProcessorB.java: AST must have been constructed from a Java element
19:45:03.998 [main] DEBUG com.refactoring.extractsuperclass.ExtractSuperclassRefactorer - No module root resolved for superclass file C:\Users\wudi\AppData\Local\Temp\junit4732513846308049979\src\com\example\AbstractP.java
]]></system-out>
  </testcase>
</testsuite>