<?xml version="1.0" encoding="UTF-8"?>
<testsuite xmlns:xsi="http://www.w3.org/2001/XMLSchema-instance" xsi:noNamespaceSchemaLocation="https://maven.apache.org/surefire/maven-surefire-plugin/xsd/surefire-test-report-3.0.xsd" version="3.0" name="com.refactoring.extractsuperclass.ExtractSuperclassRefactorerTest" time="1.221" tests="4" errors="0" skipped="0" failures="0">
  <properties>
[...]
</properties>
  <testcase name="externalSuperclass_requiresImportForNewSubclass(Path)" classname="com.refactoring.extractsuperclass.ExtractSuperclassRefactorerTest" time="1.003">
    <system-out><![CDATA[00:07:41.272 [main] INFO com.refactoring.extractsuperclass.ExtractSuperclassRefactorer - Available classes: [com.example.gui.DrawingEditor, com.example.gui.DefaultDrawingView]
00:07:41.274 [main] INFO com.refactoring.extractsuperclass.ExtractSuperclassRefactorer - Preferred package: com.example.gui
00:07:41.274 [main] INFO com.refactoring.extractsuperclass.ExtractSuperclassRefactorer - Resolving class name: com.example.gui.DefaultDrawingView
00:07:41.274 [main] INFO com.refactoring.extractsuperclass.ExtractSuperclassRefactorer - Added FQN: com.example.gui.DefaultDrawingView
00:07:41.274 [main] INFO com.refactoring.extractsuperclass.ExtractSuperclassRefactorer - Resolving class name: com.example.gui.DrawingEditor
00:07:41.274 [main] INFO com.refactoring.extractsuperclass.ExtractSuperclassRefactorer - Added FQN: com.example.gui.DrawingEditor
]]></system-out>
  </testcase>
  <testcase name="bothHaveSuperclass_thenDoNothing(Path)" classname="com.refactoring.extractsuperclass.ExtractSuperclassRefactorerTest" time="0.043">
    <system-out><![CDATA[00:07:41.356 [main] INFO com.refactoring.extractsuperclass.ExtractSuperclassRefactorer - Available classes: [com.example.P1, com.example.P2, com.example.B, com.example.A]
00:07:41.356 [main] INFO com.refactoring.extractsuperclass.ExtractSuperclassRefactorer - Preferred package: com.example
00:07:41.356 [main] INFO com.refactoring.extractsuperclass.ExtractSuperclassRefactorer - Resolving class name: com.example.A
00:07:41.356 [main] INFO com.refactoring.extractsuperclass.ExtractSuperclassRefactorer - Added FQN: com.example.A
00:07:41.356 [main] INFO com.refactoring.extractsuperclass.ExtractSuperclassRefactorer - Resolving class name: com.example.B
00:07:41.357 [main] INFO com.refactoring.extractsuperclass.ExtractSuperclassRefactorer - Added FQN: com.example.B
]]></system-out>
  </testcase>
  <testcase name="oneHasSuperclass_thenOtherExtendsIt(Path)" classname="com.refactoring.extractsuperclass.ExtractSuperclassRefactorerTest" time="0.069">
    <system-out><![CDATA[00:07:41.412 [main] INFO com.refactoring.extractsuperclass.ExtractSuperclassRefactorer - Available classes: [com.example.B, com.example.A, com.example.Base]
00:07:41.412 [main] INFO com.refactoring.extractsuperclass.ExtractSuperclassRefactorer - Preferred package: com.example
00:07:41.412 [main] INFO com.refactoring.extractsuperclass.ExtractSuperclassRefactorer - Resolving class name: com.example.A
00:07:41.412 [main] INFO com.refactoring.extractsuperclass.ExtractSuperclassRefactorer - Added FQN: com.example.A
00:07:41.412 [main] INFO com.refactoring.extractsuperclass.ExtractSuperclassRefactorer - Resolving class name: com.example.B
00:07:41.412 [main] INFO com.refactoring.extractsuperclass.ExtractSuperclassRefactorer - Added FQN: com.example.B
00:07:41.425 [main] DEBUG com.refactoring.extractsuperclass.ExtractSuperclassRefactorer - Import organization skipped for C:\Users\wudi\AppData\Local\Temp\junit10128602048998803505\src\com\example\B.java: AST must have been constructed from a Java element
]]></system-out>
  </testcase>
  <testcase name="createsSuperclassAndUpdatesClasses(Path)" classname="com.refactoring.extractsuperclass.ExtractSuperclassRefactorerTest" time="0.074">
    <system-out><![CDATA[00:07:41.461 [main] INFO com.refactoring.extractsuperclass.ExtractSuperclassRefactorer - Available classes: [com.example.ProcessorA, com.example.ProcessorB]
00:07:41.461 [main] INFO com.refactoring.extractsuperclass.ExtractSuperclassRefactorer - Preferred package: com.example
00:07:41.461 [main] INFO com.refactoring.extractsuperclass.ExtractSuperclassRefactorer - Resolving class name: com.example.ProcessorA
00:07:41.461 [main] INFO com.refactoring.extractsuperclass.ExtractSuperclassRefactorer - Added FQN: com.example.ProcessorA
00:07:41.461 [main] INFO com.refactoring.extractsuperclass.ExtractSuperclassRefactorer - Resolving class name: com.example.ProcessorB
00:07:41.461 [main] INFO com.refactoring.extractsuperclass.ExtractSuperclassRefactorer - Added FQN: com.example.ProcessorB
00:07:41.462 [main] INFO com.refactoring.extractsuperclass.ExtractSuperclassRefactorer - Resolved superclass directory for com.example.AbstractP to C:\Users\wudi\AppData\Local\Temp\junit3952691401396617670\src\com\example
00:07:41.462 [main] INFO com.refactoring.extractsuperclass.ExtractSuperclassRefactorer - Created superclass file: C:\Users\wudi\AppData\Local\Temp\junit3952691401396617670\src\com\example\AbstractP.java
00:07:41.481 [main] DEBUG com.refactoring.extractsuperclass.ExtractSuperclassRefactorer - Import organization skipped for C:\Users\wudi\AppData\Local\Temp\junit3952691401396617670\src\com\example\ProcessorA.java: AST must have been constructed from a Java element
00:07:41.499 [main] DEBUG com.refactoring.extractsuperclass.ExtractSuperclassRefactorer - Import organization skipped for C:\Users\wudi\AppData\Local\Temp\junit3952691401396617670\src\com\example\ProcessorB.java: AST must have been constructed from a Java element
00:07:41.500 [main] DEBUG com.refactoring.extractsuperclass.ExtractSuperclassRefactorer - No module root resolved for superclass file C:\Users\wudi\AppData\Local\Temp\junit3952691401396617670\src\com\example\AbstractP.java
]]></system-out>
  </testcase>
</testsuite>